#
# There is insufficient memory for the Java Runtime Environment to continue.
# Native memory allocation (mmap) failed to map 65536 bytes. Error detail: committing reserved memory.
# Possible reasons:
#   The system is out of physical RAM or swap space
#   This process is running with CompressedOops enabled, and the Java Heap may be blocking the growth of the native heap
# Possible solutions:
#   Reduce memory load on the system
#   Increase physical memory or swap space
#   Check if swap backing store is full
#   Decrease Java heap size (-Xmx/-Xms)
#   Decrease number of Java threads
#   Decrease Java thread stack sizes (-Xss)
#   Set larger code cache with -XX:ReservedCodeCacheSize=
#   JVM is running with Unscaled Compressed Oops mode in which the Java heap is
#     placed in the first 4GB address space. The Java Heap base address is the
#     maximum limit for the native heap growth. Please use -XX:HeapBaseMinAddress
#     to set the Java Heap base and to place the Java Heap above 4GB virtual address.
# This output file may be truncated or incomplete.
#
#  Out of Memory Error (os_linux.cpp:2834), pid=818447, tid=818472
#
# JRE version: OpenJDK Runtime Environment (17.0.18+8) (build 17.0.18+8-Ubuntu-122.04.1)
# Java VM: OpenJDK 64-Bit Server VM (17.0.18+8-Ubuntu-122.04.1, mixed mode, sharing, tiered, compressed oops, compressed class ptrs, g1 gc, linux-aarch64)
# Core dump will be written. Default location: Core dumps may be processed with "/usr/share/apport/apport -p%p -s%s -c%c -d%d -P%P -u%u -g%g -F%F -- %E" (or dumping to /home/amrit/NuvioTV/core.818447)
#

---------------  S U M M A R Y ------------

Command Line: -Xmx64m -Xms64m -Dorg.gradle.appname=gradlew /home/amrit/NuvioTV/gradle/wrapper/gradle-wrapper.jar :app:assembleFullDebug --rerun-tasks -Pabi=armeabi-v7a

Host: AArch64, 4 cores, 23G, Ubuntu 22.04.5 LTS
Time: Mon Jun 15 18:58:13 2026 UTC elapsed time: 511.555559 seconds (0d 0h 8m 31s)

---------------  T H R E A D  ---------------

Current thread (0x0000e390440b4850):  JavaThread "C1 CompilerThread0" daemon [_thread_in_vm, id=818472, stack(0x0000e3901d808000,0x0000e3901da06000)]


Current CompileTask:
C1:511555 1679       3       sun.nio.ch.IOUtil::bufferAddress (10 bytes)

Stack: [0x0000e3901d808000,0x0000e3901da06000],  sp=0x0000e3901da03140,  free space=2028k
Native frames: (J=compiled Java code, j=interpreted, Vv=VM code, C=native code)
V  [libjvm.so+0xe3ca64]  VMError::report_and_die(int, char const*, char const*, std::__va_list, Thread*, unsigned char*, void*, void*, char const*, int, unsigned long)+0x154
V  [libjvm.so+0xe3d5ec]  VMError::report_and_die(Thread*, char const*, int, unsigned long, VMErrorType, char const*, std::__va_list)+0x4c
V  [libjvm.so+0x5caea8]  report_vm_out_of_memory(char const*, int, unsigned long, VMErrorType, char const*, ...)+0xd8
V  [libjvm.so+0xb76364]  os::pd_commit_memory(char*, unsigned long, bool)+0xe4
V  [libjvm.so+0xb6fa7c]  os::commit_memory(char*, unsigned long, bool)+0x1c
V  [libjvm.so+0xe344a4]  metaspace::VirtualSpaceNode::commit_range(MetaWordImpl**, unsigned long)+0x134
V  [libjvm.so+0xaf4e04]  metaspace::Metachunk::ensure_committed_locked(unsigned long)+0xc4
V  [libjvm.so+0x5099b4]  metaspace::ChunkManager::get_chunk(signed char, signed char, unsigned long)+0x1f4
V  [libjvm.so+0xaf80fc]  metaspace::MetaspaceArena::allocate(unsigned long)+0x25c
V  [libjvm.so+0xaf6bbc]  Metaspace::allocate(ClassLoaderData*, unsigned long, MetaspaceObj::Type, JavaThread*)+0x48
V  [libjvm.so+0xb157b4]  MethodData::allocate(ClassLoaderData*, methodHandle const&, JavaThread*)+0x44
V  [libjvm.so+0xb04c48]  Method::build_interpreter_method_data(methodHandle const&, JavaThread*)+0x98
V  [libjvm.so+0x519480]  ciMethod::ensure_method_data(methodHandle const&)+0xc0
V  [libjvm.so+0x51d184]  ciMethod::ensure_method_data()+0x150
V  [libjvm.so+0x462580]  GraphBuilder::try_inline_full(ciMethod*, bool, bool, Bytecodes::Code, Instruction*)+0x1fc
V  [libjvm.so+0x45e640]  GraphBuilder::try_inline(ciMethod*, bool, bool, Bytecodes::Code, Instruction*)+0x1a0
V  [libjvm.so+0x45ea10]  GraphBuilder::invoke(Bytecodes::Code)+0x370
V  [libjvm.so+0x45fe54]  GraphBuilder::iterate_bytecodes_for_block(int)+0x564
V  [libjvm.so+0x462368]  GraphBuilder::iterate_all_blocks(bool)+0xc8
V  [libjvm.so+0x464310]  GraphBuilder::GraphBuilder(Compilation*, IRScope*)+0x2a0
V  [libjvm.so+0x46a5cc]  IRScope::IRScope(Compilation*, IRScope*, int, ciMethod*, int, bool)+0x188
V  [libjvm.so+0x46a6ac]  IR::IR(Compilation*, ciMethod*, int)+0xac
V  [libjvm.so+0x4455e8]  Compilation::build_hir() [clone .part.0]+0x158
V  [libjvm.so+0x446f9c]  Compilation::compile_java_method()+0x37c
V  [libjvm.so+0x447110]  Compilation::compile_method()+0x10c
V  [libjvm.so+0x447484]  Compilation::Compilation(AbstractCompiler*, ciEnv*, ciMethod*, int, BufferBlob*, bool, DirectiveSet*)+0x1a4
V  [libjvm.so+0x4480d4]  Compiler::compile_method(ciEnv*, ciMethod*, int, bool, DirectiveSet*)+0x74
V  [libjvm.so+0x59edb0]  CompileBroker::invoke_compiler_on_method(CompileTask*)+0x950
V  [libjvm.so+0x59fbfc]  CompileBroker::compiler_thread_loop()+0x54c
V  [libjvm.so+0xdc2c50]  JavaThread::thread_main_inner()+0x15c
V  [libjvm.so+0xdc7b7c]  Thread::call_run()+0xac
V  [libjvm.so+0xb791bc]  thread_native_entry(Thread*)+0xdc
C  [libc.so.6+0x80398]


---------------  P R O C E S S  ---------------

Threads class SMR info:
_java_thread_list=0x0000e38fcc00ff10, length=13, elements={
0x0000e390440177f0, 0x0000e390440a5cf0, 0x0000e390440a7160, 0x0000e390440af130,
0x0000e390440b0570, 0x0000e390440b19a0, 0x0000e390440b3300, 0x0000e390440b4850,
0x0000e390440b58f0, 0x0000e390440bd4b0, 0x0000e390440c0170, 0x0000e3904491bff0,
0x0000e38fcc009ba0
}

Java Threads: ( => current thread )
  0x0000e390440177f0 JavaThread "main" [_thread_in_native, id=818459, stack(0x0000e39049002000,0x0000e39049200000)]
  0x0000e390440a5cf0 JavaThread "Reference Handler" daemon [_thread_blocked, id=818466, stack(0x0000e3902c879000,0x0000e3902ca77000)]
  0x0000e390440a7160 JavaThread "Finalizer" daemon [_thread_blocked, id=818467, stack(0x0000e3902c67b000,0x0000e3902c879000)]
  0x0000e390440af130 JavaThread "Signal Dispatcher" daemon [_thread_blocked, id=818468, stack(0x0000e3902c002000,0x0000e3902c200000)]
  0x0000e390440b0570 JavaThread "Service Thread" daemon [_thread_blocked, id=818469, stack(0x0000e3901de02000,0x0000e3901e000000)]
  0x0000e390440b19a0 JavaThread "Monitor Deflation Thread" daemon [_thread_blocked, id=818470, stack(0x0000e3901dc04000,0x0000e3901de02000)]
  0x0000e390440b3300 JavaThread "C2 CompilerThread0" daemon [_thread_blocked, id=818471, stack(0x0000e3901da06000,0x0000e3901dc04000)]
=>0x0000e390440b4850 JavaThread "C1 CompilerThread0" daemon [_thread_in_vm, id=818472, stack(0x0000e3901d808000,0x0000e3901da06000)]
  0x0000e390440b58f0 JavaThread "Sweeper thread" daemon [_thread_blocked, id=818473, stack(0x0000e3901d60a000,0x0000e3901d808000)]
  0x0000e390440bd4b0 JavaThread "Notification Thread" daemon [_thread_blocked, id=818474, stack(0x0000e3901d40c000,0x0000e3901d60a000)]
  0x0000e390440c0170 JavaThread "Common-Cleaner" daemon [_thread_blocked, id=818476, stack(0x0000e3901d000000,0x0000e3901d1fe000)]
  0x0000e3904491bff0 JavaThread "pool-1-thread-1" [_thread_blocked, id=818501, stack(0x0000e3901c942000,0x0000e3901cb40000)]
  0x0000e38fcc009ba0 JavaThread "process reaper (pid 818503)" daemon [_thread_in_native, id=818504, stack(0x0000e3901c71a000,0x0000e3901c744000)]

Other Threads:
  0x0000e390440a1d00 VMThread "VM Thread" [stack: 0x0000e3902ca87000,0x0000e3902cc85000] [id=818465]
  0x0000e390440bee10 WatcherThread [stack: 0x0000e3901d20e000,0x0000e3901d40c000] [id=818475]
  0x0000e39044038600 GCTaskThread "GC Thread#0" [stack: 0x0000e39048568000,0x0000e39048766000] [id=818460]
  0x0000e39014004d40 GCTaskThread "GC Thread#1" [stack: 0x0000e3901ce02000,0x0000e3901d000000] [id=818477]
  0x0000e39014006de0 GCTaskThread "GC Thread#2" [stack: 0x0000e3901cbf4000,0x0000e3901cdf2000] [id=818500]
  0x0000e39044039e80 ConcurrentGCThread "G1 Main Marker" [stack: 0x0000e3904835a000,0x0000e39048558000] [id=818461]
  0x0000e3904403ae00 ConcurrentGCThread "G1 Conc#0" [stack: 0x0000e3904814c000,0x0000e3904834a000] [id=818462]
  0x0000e39044077a90 ConcurrentGCThread "G1 Refine#0" [stack: 0x0000e3902d000000,0x0000e3902d1fe000] [id=818463]
  0x0000e390440789a0 ConcurrentGCThread "G1 Service" [stack: 0x0000e3902cdf2000,0x0000e3902cff0000] [id=818464]

Threads with active compile tasks:
C1 CompilerThread0  511822 1679       3       sun.nio.ch.IOUtil::bufferAddress (10 bytes)

VM state: not at safepoint (normal execution)

VM Mutex/Monitor currently owned by a thread:  ([mutex/lock_event])
[0x0000e39044013e10] Metaspace_lock - owner thread: 0x0000e390440b4850
[0x0000e39044015bd0] MethodData_lock - owner thread: 0x0000e390440b4850

Heap address: 0x00000000fc000000, size: 64 MB, Compressed Oops mode: 32-bit

CDS archive(s) mapped at: [0x000000a000000000-0x000000a000be0000-0x000000a000be0000), size 12451840, SharedBaseAddress: 0x000000a000000000, ArchiveRelocationMode: 1.
Compressed class space mapped at: 0x000000a001000000-0x000000a041000000, reserved size: 1073741824
Narrow klass base: 0x000000a000000000, Narrow klass shift: 0, Narrow klass range: 0x100000000

GC Precious Log:
 CPUs: 4 total, 4 available
 Memory: 23980M
 Large Page Support: Disabled
 NUMA Support: Disabled
 Compressed Oops: Enabled (32-bit)
 Heap Region Size: 1M
 Heap Min Capacity: 64M
 Heap Initial Capacity: 64M
 Heap Max Capacity: 64M
 Pre-touch: Disabled
 Parallel Workers: 4
 Concurrent Workers: 1
 Concurrent Refinement Workers: 4
 Periodic GC: Disabled

Heap:
 garbage-first heap   total 65536K, used 34260K [0x00000000fc000000, 0x0000000100000000)
  region size 1024K, 27 young (27648K), 3 survivors (3072K)
 Metaspace       used 9630K, committed 9856K, reserved 1114112K
  class space    used 1281K, committed 1408K, reserved 1048576K

Heap Regions: E=young(eden), S=young(survivor), O=old, HS=humongous(starts), HC=humongous(continues), CS=collection set, F=free, OA=open archive, CA=closed archive, TAMS=top-at-mark-start (previous, next)
|   0|0x00000000fc000000, 0x00000000fc100000, 0x00000000fc100000|100%|HS|  |TAMS 0x00000000fc000000, 0x00000000fc000000| Complete 
|   1|0x00000000fc100000, 0x00000000fc200000, 0x00000000fc200000|100%|HC|  |TAMS 0x00000000fc100000, 0x00000000fc100000| Complete 
|   2|0x00000000fc200000, 0x00000000fc300000, 0x00000000fc300000|100%|HC|  |TAMS 0x00000000fc200000, 0x00000000fc200000| Complete 
|   3|0x00000000fc300000, 0x00000000fc400000, 0x00000000fc400000|100%| O|  |TAMS 0x00000000fc300000, 0x00000000fc300000| Untracked 
|   4|0x00000000fc400000, 0x00000000fc500000, 0x00000000fc500000|100%| O|  |TAMS 0x00000000fc400000, 0x00000000fc400000| Untracked 
|   5|0x00000000fc500000, 0x00000000fc600000, 0x00000000fc600000|100%| O|  |TAMS 0x00000000fc500000, 0x00000000fc500000| Untracked 
|   6|0x00000000fc600000, 0x00000000fc688000, 0x00000000fc700000| 53%| O|  |TAMS 0x00000000fc600000, 0x00000000fc600000| Untracked 
|   7|0x00000000fc700000, 0x00000000fc700000, 0x00000000fc800000|  0%| F|  |TAMS 0x00000000fc700000, 0x00000000fc700000| Untracked 
|   8|0x00000000fc800000, 0x00000000fc800000, 0x00000000fc900000|  0%| F|  |TAMS 0x00000000fc800000, 0x00000000fc800000| Untracked 
|   9|0x00000000fc900000, 0x00000000fc900000, 0x00000000fca00000|  0%| F|  |TAMS 0x00000000fc900000, 0x00000000fc900000| Untracked 
|  10|0x00000000fca00000, 0x00000000fca00000, 0x00000000fcb00000|  0%| F|  |TAMS 0x00000000fca00000, 0x00000000fca00000| Untracked 
|  11|0x00000000fcb00000, 0x00000000fcb00000, 0x00000000fcc00000|  0%| F|  |TAMS 0x00000000fcb00000, 0x00000000fcb00000| Untracked 
|  12|0x00000000fcc00000, 0x00000000fcc00000, 0x00000000fcd00000|  0%| F|  |TAMS 0x00000000fcc00000, 0x00000000fcc00000| Untracked 
|  13|0x00000000fcd00000, 0x00000000fcd00000, 0x00000000fce00000|  0%| F|  |TAMS 0x00000000fcd00000, 0x00000000fcd00000| Untracked 
|  14|0x00000000fce00000, 0x00000000fce00000, 0x00000000fcf00000|  0%| F|  |TAMS 0x00000000fce00000, 0x00000000fce00000| Untracked 
|  15|0x00000000fcf00000, 0x00000000fcf00000, 0x00000000fd000000|  0%| F|  |TAMS 0x00000000fcf00000, 0x00000000fcf00000| Untracked 
|  16|0x00000000fd000000, 0x00000000fd000000, 0x00000000fd100000|  0%| F|  |TAMS 0x00000000fd000000, 0x00000000fd000000| Untracked 
|  17|0x00000000fd100000, 0x00000000fd100000, 0x00000000fd200000|  0%| F|  |TAMS 0x00000000fd100000, 0x00000000fd100000| Untracked 
|  18|0x00000000fd200000, 0x00000000fd200000, 0x00000000fd300000|  0%| F|  |TAMS 0x00000000fd200000, 0x00000000fd200000| Untracked 
|  19|0x00000000fd300000, 0x00000000fd300000, 0x00000000fd400000|  0%| F|  |TAMS 0x00000000fd300000, 0x00000000fd300000| Untracked 
|  20|0x00000000fd400000, 0x00000000fd400000, 0x00000000fd500000|  0%| F|  |TAMS 0x00000000fd400000, 0x00000000fd400000| Untracked 
|  21|0x00000000fd500000, 0x00000000fd500000, 0x00000000fd600000|  0%| F|  |TAMS 0x00000000fd500000, 0x00000000fd500000| Untracked 
|  22|0x00000000fd600000, 0x00000000fd600000, 0x00000000fd700000|  0%| F|  |TAMS 0x00000000fd600000, 0x00000000fd600000| Untracked 
|  23|0x00000000fd700000, 0x00000000fd700000, 0x00000000fd800000|  0%| F|  |TAMS 0x00000000fd700000, 0x00000000fd700000| Untracked 
|  24|0x00000000fd800000, 0x00000000fd800000, 0x00000000fd900000|  0%| F|  |TAMS 0x00000000fd800000, 0x00000000fd800000| Untracked 
|  25|0x00000000fd900000, 0x00000000fd900000, 0x00000000fda00000|  0%| F|  |TAMS 0x00000000fd900000, 0x00000000fd900000| Untracked 
|  26|0x00000000fda00000, 0x00000000fda00000, 0x00000000fdb00000|  0%| F|  |TAMS 0x00000000fda00000, 0x00000000fda00000| Untracked 
|  27|0x00000000fdb00000, 0x00000000fdb00000, 0x00000000fdc00000|  0%| F|  |TAMS 0x00000000fdb00000, 0x00000000fdb00000| Untracked 
|  28|0x00000000fdc00000, 0x00000000fdc00000, 0x00000000fdd00000|  0%| F|  |TAMS 0x00000000fdc00000, 0x00000000fdc00000| Untracked 
|  29|0x00000000fdd00000, 0x00000000fdd00000, 0x00000000fde00000|  0%| F|  |TAMS 0x00000000fdd00000, 0x00000000fdd00000| Untracked 
|  30|0x00000000fde00000, 0x00000000fde00000, 0x00000000fdf00000|  0%| F|  |TAMS 0x00000000fde00000, 0x00000000fde00000| Untracked 
|  31|0x00000000fdf00000, 0x00000000fdf00000, 0x00000000fe000000|  0%| F|  |TAMS 0x00000000fdf00000, 0x00000000fdf00000| Untracked 
|  32|0x00000000fe000000, 0x00000000fe000000, 0x00000000fe100000|  0%| F|  |TAMS 0x00000000fe000000, 0x00000000fe000000| Untracked 
|  33|0x00000000fe100000, 0x00000000fe100000, 0x00000000fe200000|  0%| F|  |TAMS 0x00000000fe100000, 0x00000000fe100000| Untracked 
|  34|0x00000000fe200000, 0x00000000fe200000, 0x00000000fe300000|  0%| F|  |TAMS 0x00000000fe200000, 0x00000000fe200000| Untracked 
|  35|0x00000000fe300000, 0x00000000fe3d2390, 0x00000000fe400000| 82%| E|  |TAMS 0x00000000fe300000, 0x00000000fe300000| Complete 
|  36|0x00000000fe400000, 0x00000000fe500000, 0x00000000fe500000|100%| E|CS|TAMS 0x00000000fe400000, 0x00000000fe400000| Complete 
|  37|0x00000000fe500000, 0x00000000fe600000, 0x00000000fe600000|100%| E|CS|TAMS 0x00000000fe500000, 0x00000000fe500000| Complete 
|  38|0x00000000fe600000, 0x00000000fe700000, 0x00000000fe700000|100%| E|CS|TAMS 0x00000000fe600000, 0x00000000fe600000| Complete 
|  39|0x00000000fe700000, 0x00000000fe800000, 0x00000000fe800000|100%| S|CS|TAMS 0x00000000fe700000, 0x00000000fe700000| Complete 
|  40|0x00000000fe800000, 0x00000000fe900000, 0x00000000fe900000|100%| S|CS|TAMS 0x00000000fe800000, 0x00000000fe800000| Complete 
|  41|0x00000000fe900000, 0x00000000fea00000, 0x00000000fea00000|100%| S|CS|TAMS 0x00000000fe900000, 0x00000000fe900000| Complete 
|  42|0x00000000fea00000, 0x00000000feb00000, 0x00000000feb00000|100%| E|CS|TAMS 0x00000000fea00000, 0x00000000fea00000| Complete 
|  43|0x00000000feb00000, 0x00000000fec00000, 0x00000000fec00000|100%| E|CS|TAMS 0x00000000feb00000, 0x00000000feb00000| Complete 
|  44|0x00000000fec00000, 0x00000000fed00000, 0x00000000fed00000|100%| E|CS|TAMS 0x00000000fec00000, 0x00000000fec00000| Complete 
|  45|0x00000000fed00000, 0x00000000fee00000, 0x00000000fee00000|100%| E|CS|TAMS 0x00000000fed00000, 0x00000000fed00000| Complete 
|  46|0x00000000fee00000, 0x00000000fef00000, 0x00000000fef00000|100%| E|CS|TAMS 0x00000000fee00000, 0x00000000fee00000| Complete 
|  47|0x00000000fef00000, 0x00000000ff000000, 0x00000000ff000000|100%| E|CS|TAMS 0x00000000fef00000, 0x00000000fef00000| Complete 
|  48|0x00000000ff000000, 0x00000000ff100000, 0x00000000ff100000|100%| E|CS|TAMS 0x00000000ff000000, 0x00000000ff000000| Complete 
|  49|0x00000000ff100000, 0x00000000ff200000, 0x00000000ff200000|100%| E|CS|TAMS 0x00000000ff100000, 0x00000000ff100000| Complete 
|  50|0x00000000ff200000, 0x00000000ff300000, 0x00000000ff300000|100%| E|CS|TAMS 0x00000000ff200000, 0x00000000ff200000| Complete 
|  51|0x00000000ff300000, 0x00000000ff400000, 0x00000000ff400000|100%| E|CS|TAMS 0x00000000ff300000, 0x00000000ff300000| Complete 
|  52|0x00000000ff400000, 0x00000000ff500000, 0x00000000ff500000|100%| E|CS|TAMS 0x00000000ff400000, 0x00000000ff400000| Complete 
|  53|0x00000000ff500000, 0x00000000ff600000, 0x00000000ff600000|100%| E|CS|TAMS 0x00000000ff500000, 0x00000000ff500000| Complete 
|  54|0x00000000ff600000, 0x00000000ff700000, 0x00000000ff700000|100%| E|CS|TAMS 0x00000000ff600000, 0x00000000ff600000| Complete 
|  55|0x00000000ff700000, 0x00000000ff800000, 0x00000000ff800000|100%| E|CS|TAMS 0x00000000ff700000, 0x00000000ff700000| Complete 
|  56|0x00000000ff800000, 0x00000000ff900000, 0x00000000ff900000|100%| E|CS|TAMS 0x00000000ff800000, 0x00000000ff800000| Complete 
|  57|0x00000000ff900000, 0x00000000ffa00000, 0x00000000ffa00000|100%| E|CS|TAMS 0x00000000ff900000, 0x00000000ff900000| Complete 
|  58|0x00000000ffa00000, 0x00000000ffb00000, 0x00000000ffb00000|100%| E|CS|TAMS 0x00000000ffa00000, 0x00000000ffa00000| Complete 
|  59|0x00000000ffb00000, 0x00000000ffc00000, 0x00000000ffc00000|100%| E|CS|TAMS 0x00000000ffb00000, 0x00000000ffb00000| Complete 
|  60|0x00000000ffc00000, 0x00000000ffd00000, 0x00000000ffd00000|100%| E|CS|TAMS 0x00000000ffc00000, 0x00000000ffc00000| Complete 
|  61|0x00000000ffd00000, 0x00000000ffe00000, 0x00000000ffe00000|100%| E|CS|TAMS 0x00000000ffd00000, 0x00000000ffd00000| Complete 
|  62|0x00000000ffe00000, 0x00000000ffe75000, 0x00000000fff00000| 45%|OA|  |TAMS 0x00000000ffe00000, 0x00000000ffe00000| Untracked 
|  63|0x00000000fff00000, 0x00000000fff78000, 0x0000000100000000| 46%|CA|  |TAMS 0x00000000fff00000, 0x00000000fff00000| Untracked 

Card table byte_map: [0x0000e39048986000,0x0000e390489a6000] _byte_map_base: 0x0000e390481a6000

Marking Bits (Prev, Next): (CMBitMap*) 0x0000e390440390a0, (CMBitMap*) 0x0000e390440390e0
 Prev Bits: [0x0000e39048866000, 0x0000e39048966000)
 Next Bits: [0x0000e39048766000, 0x0000e39048866000)

Polling page: 0x0000e3904aa42000

Metaspace:

Usage:
  Non-class:      8.15 MB used.
      Class:      1.25 MB used.
       Both:      9.40 MB used.

Virtual space:
  Non-class space:       64.00 MB reserved,       8.25 MB ( 13%) committed,  1 nodes.
      Class space:        1.00 GB reserved,       1.38 MB ( <1%) committed,  1 nodes.
             Both:        1.06 GB reserved,       9.62 MB ( <1%) committed. 

Chunk freelists:
   Non-Class:  6.78 MB
       Class:  14.62 MB
        Both:  21.39 MB

MaxMetaspaceSize: unlimited
CompressedClassSpaceSize: 1.00 GB
Initial GC threshold: 21.00 MB
Current GC threshold: 21.00 MB
CDS: on
MetaspaceReclaimPolicy: balanced
 - commit_granule_bytes: 65536.
 - commit_granule_words: 8192.
 - virtual_space_node_default_size: 8388608.
 - enlarge_chunks_in_place: 1.
 - new_chunks_are_fully_committed: 0.
 - uncommit_free_chunks: 1.
 - use_allocation_guard: 0.
 - handle_deallocations: 1.


Internal statistics:

num_allocs_failed_limit: 0.
num_arena_births: 138.
num_arena_deaths: 0.
num_vsnodes_births: 2.
num_vsnodes_deaths: 0.
num_space_committed: 154.
num_space_uncommitted: 0.
num_chunks_returned_to_freelist: 0.
num_chunks_taken_from_freelist: 402.
num_chunk_merges: 0.
num_chunk_splits: 264.
num_chunks_enlarged: 192.
num_inconsistent_stats: 0.

CodeHeap 'non-profiled nmethods': size=120032Kb used=705Kb max_used=705Kb free=119326Kb
 bounds [0x0000e39034ec8000, 0x0000e39035138000, 0x0000e3903c400000]
CodeHeap 'profiled nmethods': size=120028Kb used=3057Kb max_used=3057Kb free=116970Kb
 bounds [0x0000e3902d400000, 0x0000e3902d700000, 0x0000e39034937000]
CodeHeap 'non-nmethods': size=5700Kb used=1160Kb max_used=1196Kb free=4539Kb
 bounds [0x0000e39034937000, 0x0000e39034ba7000, 0x0000e39034ec8000]
 total_blobs=2145 nmethods=1676 adapters=386
 compilation: enabled
              stopped_count=0, restarted_count=0
 full_count=0

Compilation events (20 events):
Event: 377.359 Thread 0x0000e390440b4850 1668       3       java.nio.CharBuffer::limit (8 bytes)
Event: 377.359 Thread 0x0000e390440b4850 nmethod 1668 0x0000e3902d6fb790 code [0x0000e3902d6fb940, 0x0000e3902d6fbac8]
Event: 377.360 Thread 0x0000e390440b3300 nmethod 1652 0x0000e39034f6ff90 code [0x0000e39034f70300, 0x0000e39034f70dc0]
Event: 377.360 Thread 0x0000e390440b3300 1653       4       org.gradle.internal.logging.text.AbstractLineChoppingStyledTextOutput$1::execute (140 bytes)
Event: 377.400 Thread 0x0000e390440b3300 nmethod 1653 0x0000e39034f71690 code [0x0000e39034f71a00, 0x0000e39034f725b0]
Event: 377.400 Thread 0x0000e390440b3300 1657       4       org.gradle.internal.logging.text.AbstractLineChoppingStyledTextOutput$2::execute (77 bytes)
Event: 377.412 Thread 0x0000e390440b3300 nmethod 1657 0x0000e39034f72f10 code [0x0000e39034f73140, 0x0000e39034f735f0]
Event: 445.275 Thread 0x0000e390440b3300 1673       4       java.util.concurrent.TimeUnit::toMillis (69 bytes)
Event: 445.275 Thread 0x0000e390440b3300 nmethod 1673 0x0000e39034f73a10 code [0x0000e39034f73b80, 0x0000e39034f73c60]
Event: 503.979 Thread 0x0000e390440b3300 1674       4       java.util.ArrayList::fastRemove (44 bytes)
Event: 503.980 Thread 0x0000e390440b3300 nmethod 1674 0x0000e39034f73d10 code [0x0000e39034f73ec0, 0x0000e39034f740a0]
Event: 504.075 Thread 0x0000e390440b3300 1675       4       java.util.ArrayList::remove (26 bytes)
Event: 504.076 Thread 0x0000e390440b3300 nmethod 1675 0x0000e39034f74190 code [0x0000e39034f74340, 0x0000e39034f74580]
Event: 504.777 Thread 0x0000e390440b3300 1676   !   4       org.gradle.internal.logging.console.ThrottlingOutputEventListener::onOutput (85 bytes)
Event: 504.890 Thread 0x0000e390440b3300 nmethod 1676 0x0000e39034f74710 code [0x0000e39034f74d40, 0x0000e39034f76920]
Event: 511.554 Thread 0x0000e390440b4850 1677       3       sun.nio.ch.SocketChannelImpl::ensureOpenAndConnected (32 bytes)
Event: 511.555 Thread 0x0000e390440b4850 nmethod 1677 0x0000e3902d6fbb90 code [0x0000e3902d6fbd40, 0x0000e3902d6fbf78]
Event: 511.555 Thread 0x0000e390440b4850 1678       3       sun.nio.ch.IOUtil::acquireScope (11 bytes)
Event: 511.555 Thread 0x0000e390440b4850 nmethod 1678 0x0000e3902d6fc090 code [0x0000e3902d6fc240, 0x0000e3902d6fc388]
Event: 511.555 Thread 0x0000e390440b4850 1679       3       sun.nio.ch.IOUtil::bufferAddress (10 bytes)

GC Heap History (4 events):
Event: 0.713 GC heap before
{Heap before GC invocations=0 (full 0):
 garbage-first heap   total 65536K, used 14260K [0x00000000fc000000, 0x0000000100000000)
  region size 1024K, 13 young (13312K), 0 survivors (0K)
 Metaspace       used 1621K, committed 1728K, reserved 1114112K
  class space    used 163K, committed 192K, reserved 1048576K
}
Event: 0.729 GC heap after
{Heap after GC invocations=1 (full 0):
 garbage-first heap   total 65536K, used 1972K [0x00000000fc000000, 0x0000000100000000)
  region size 1024K, 1 young (1024K), 1 survivors (1024K)
 Metaspace       used 1621K, committed 1728K, reserved 1114112K
  class space    used 163K, committed 192K, reserved 1048576K
}
Event: 1.861 GC heap before
{Heap before GC invocations=1 (full 0):
 garbage-first heap   total 65536K, used 24500K [0x00000000fc000000, 0x0000000100000000)
  region size 1024K, 20 young (20480K), 1 survivors (1024K)
 Metaspace       used 4147K, committed 4352K, reserved 1114112K
  class space    used 514K, committed 576K, reserved 1048576K
}
Event: 1.878 GC heap after
{Heap after GC invocations=2 (full 0):
 garbage-first heap   total 65536K, used 10708K [0x00000000fc000000, 0x0000000100000000)
  region size 1024K, 3 young (3072K), 3 survivors (3072K)
 Metaspace       used 4147K, committed 4352K, reserved 1114112K
  class space    used 514K, committed 576K, reserved 1048576K
}

Dll operation events (12 events):
Event: 0.004 Loaded shared library /usr/lib/jvm/java-17-openjdk-arm64/lib/libjava.so
Event: 0.141 Loaded shared library /usr/lib/jvm/java-17-openjdk-arm64/lib/libnio.so
Event: 0.145 Loaded shared library /usr/lib/jvm/java-17-openjdk-arm64/lib/libzip.so
Event: 0.271 Loaded shared library /usr/lib/jvm/java-17-openjdk-arm64/lib/libnet.so
Event: 0.841 Loaded shared library /usr/lib/jvm/java-17-openjdk-arm64/lib/libjimage.so
Event: 1.487 Loaded shared library /usr/lib/jvm/java-17-openjdk-arm64/lib/libverify.so
Event: 1.752 Loaded shared library /usr/lib/jvm/java-17-openjdk-arm64/lib/libmanagement.so
Event: 1.753 Loaded shared library /usr/lib/jvm/java-17-openjdk-arm64/lib/libmanagement_ext.so
Event: 1.941 Loaded shared library /home/amrit/.gradle/native/1def1411415f61bf3af743bc5b6707747c0891f09f0c88961ee8f79bc544acac/linux-aarch64/libnative-platform.so
Event: 2.029 Loading shared library /home/amrit/.gradle/native/1def1411415f61bf3af743bc5b6707747c0891f09f0c88961ee8f79bc544acac/linux-aarch64-ncurses5/libnative-platform-curses.so failed, libtinfo.so.5: cannot open shared object file: No such file or directory
Event: 2.033 Loaded shared library /home/amrit/.gradle/native/1def1411415f61bf3af743bc5b6707747c0891f09f0c88961ee8f79bc544acac/linux-aarch64-ncurses6/libnative-platform-curses.so
Event: 2.481 Loaded shared library /usr/lib/jvm/java-17-openjdk-arm64/lib/libextnet.so

Deoptimization events (20 events):
Event: 2.902 Thread 0x0000e39044a10630 Uncommon trap: trap_request=0xffffff45 fr.pc=0x0000e39034edfd78 relative=0x00000000000003b8
Event: 2.902 Thread 0x0000e39044a10630 Uncommon trap: reason=unstable_if action=reinterpret pc=0x0000e39034edfd78 method=java.lang.AbstractStringBuilder.putStringAt(ILjava/lang/String;II)V @ 8 c2
Event: 2.902 Thread 0x0000e39044a10630 DEOPT PACKING pc=0x0000e39034edfd78 sp=0x0000e3901c93fb10
Event: 2.902 Thread 0x0000e39044a10630 DEOPT UNPACKING pc=0x0000e3903497e91c sp=0x0000e3901c93f9a0 mode 2
Event: 2.902 Thread 0x0000e39044a10630 Uncommon trap: trap_request=0xffffff45 fr.pc=0x0000e39034f04254 relative=0x0000000000000054
Event: 2.902 Thread 0x0000e39044a10630 Uncommon trap: reason=unstable_if action=reinterpret pc=0x0000e39034f04254 method=java.lang.AbstractStringBuilder.isLatin1()Z @ 10 c2
Event: 2.902 Thread 0x0000e39044a10630 DEOPT PACKING pc=0x0000e39034f04254 sp=0x0000e3901c93f910
Event: 2.902 Thread 0x0000e39044a10630 DEOPT UNPACKING pc=0x0000e3903497e91c sp=0x0000e3901c93f8b0 mode 2
Event: 2.902 Thread 0x0000e39044a10630 Uncommon trap: trap_request=0xffffff45 fr.pc=0x0000e39034ee1994 relative=0x00000000000000d4
Event: 2.902 Thread 0x0000e39044a10630 Uncommon trap: reason=unstable_if action=reinterpret pc=0x0000e39034ee1994 method=java.lang.String.getBytes([BIIBI)V @ 6 c2
Event: 2.902 Thread 0x0000e39044a10630 DEOPT PACKING pc=0x0000e39034ee1994 sp=0x0000e3901c93f950
Event: 2.902 Thread 0x0000e39044a10630 DEOPT UNPACKING pc=0x0000e3903497e91c sp=0x0000e3901c93f8e0 mode 2
Event: 2.902 Thread 0x0000e39044a10630 Uncommon trap: trap_request=0xffffff45 fr.pc=0x0000e39034f2b7d4 relative=0x00000000000002d4
Event: 2.902 Thread 0x0000e39044a10630 Uncommon trap: reason=unstable_if action=reinterpret pc=0x0000e39034f2b7d4 method=java.lang.AbstractStringBuilder.isLatin1()Z @ 10 c2
Event: 2.902 Thread 0x0000e39044a10630 DEOPT PACKING pc=0x0000e39034f2b7d4 sp=0x0000e3901c93fb90
Event: 2.902 Thread 0x0000e39044a10630 DEOPT UNPACKING pc=0x0000e3903497e91c sp=0x0000e3901c93fae0 mode 2
Event: 5.645 Thread 0x0000e39044a10630 Uncommon trap: trap_request=0xffffff45 fr.pc=0x0000e39034ed37ac relative=0x000000000000006c
Event: 5.645 Thread 0x0000e39044a10630 Uncommon trap: reason=unstable_if action=reinterpret pc=0x0000e39034ed37ac method=java.lang.String.isLatin1()Z @ 10 c2
Event: 5.645 Thread 0x0000e39044a10630 DEOPT PACKING pc=0x0000e39034ed37ac sp=0x0000e3901c93fb00
Event: 5.645 Thread 0x0000e39044a10630 DEOPT UNPACKING pc=0x0000e3903497e91c sp=0x0000e3901c93fa30 mode 2

Classes loaded (20 events):
Event: 377.058 Loading class java/io/ObjectStreamClass$ClassDataSlot
Event: 377.058 Loading class java/io/ObjectStreamClass$ClassDataSlot done
Event: 377.058 Loading class java/io/ObjectInputStream$FieldValues
Event: 377.058 Loading class java/io/ObjectInputStream$GetField
Event: 377.058 Loading class java/io/ObjectInputStream$GetField done
Event: 377.058 Loading class java/io/ObjectInputStream$FieldValues done
Event: 377.063 Loading class java/util/function/UnaryOperator
Event: 377.063 Loading class java/util/function/UnaryOperator done
Event: 377.065 Loading class java/io/ObjectStreamClass$ExceptionInfo
Event: 377.065 Loading class java/io/ObjectStreamClass$ExceptionInfo done
Event: 377.075 Loading class java/io/SerialCallbackContext
Event: 377.076 Loading class java/io/SerialCallbackContext done
Event: 377.127 Loading class java/lang/Throwable$PrintStreamOrWriter
Event: 377.127 Loading class java/lang/Throwable$PrintStreamOrWriter done
Event: 377.171 Loading class java/rmi/ConnectException
Event: 377.173 Loading class java/rmi/RemoteException
Event: 377.173 Loading class java/rmi/RemoteException done
Event: 377.173 Loading class java/rmi/ConnectException done
Event: 377.275 Loading class java/lang/Throwable$WrappedPrintWriter
Event: 377.275 Loading class java/lang/Throwable$WrappedPrintWriter done

Classes unloaded (0 events):
No events

Classes redefined (0 events):
No events

Internal exceptions (20 events):
Event: 1.975 Thread 0x0000e390440177f0 Exception <a 'java/lang/NoSuchMethodError'{0x00000000ffc44e18}: 'java.lang.Object java.lang.invoke.Invokers$Holder.invoker(java.lang.Object, java.lang.Object, java.lang.Object)'> (0x00000000ffc44e18) 
thrown [./src/hotspot/share/interpreter/linkResolver.cpp, line 758]
Event: 1.982 Thread 0x0000e390440177f0 Exception <a 'java/lang/NoSuchMethodError'{0x00000000ffc4d7e0}: 'java.lang.Object java.lang.invoke.DirectMethodHandle$Holder.invokeStatic(java.lang.Object, java.lang.Object, int)'> (0x00000000ffc4d7e0) 
thrown [./src/hotspot/share/interpreter/linkResolver.cpp, line 758]
Event: 1.983 Thread 0x0000e390440177f0 Exception <a 'java/lang/NoSuchMethodError'{0x00000000ffc59498}: 'void java.lang.invoke.DelegatingMethodHandle$Holder.delegate(java.lang.Object, java.lang.Object, int, java.lang.Object)'> (0x00000000ffc59498) 
thrown [./src/hotspot/share/interpreter/linkResolver.cpp, line 758]
Event: 1.992 Thread 0x0000e390440177f0 Exception <a 'java/lang/NoSuchMethodError'{0x00000000ffc6c990}: 'java.lang.Object java.lang.invoke.Invokers$Holder.invokeExact_MT(java.lang.Object, java.lang.Object, java.lang.Object, java.lang.Object)'> (0x00000000ffc6c990) 
thrown [./src/hotspot/share/interpreter/linkResolver.cpp, line 758]
Event: 2.014 Thread 0x0000e390440177f0 Exception <a 'java/lang/NoSuchMethodError'{0x00000000ffc958d8}: 'java.lang.Object java.lang.invoke.DirectMethodHandle$Holder.invokeVirtual(java.lang.Object, java.lang.Object, java.lang.Object)'> (0x00000000ffc958d8) 
thrown [./src/hotspot/share/interpreter/linkResolver.cpp, line 758]
Event: 2.029 Thread 0x0000e390440177f0 Exception <a 'java/lang/UnsatisfiedLinkError'{0x00000000ffcbcf70}> (0x00000000ffcbcf70) 
thrown [./src/hotspot/share/prims/jvm.cpp, line 3378]
Event: 2.029 Thread 0x0000e390440177f0 Exception <a 'java/lang/UnsatisfiedLinkError'{0x00000000ffcbcf70}> (0x00000000ffcbcf70) 
thrown [./src/hotspot/share/prims/jni.cpp, line 516]
Event: 2.243 Thread 0x0000e390440177f0 Exception <a 'java/lang/NoSuchMethodError'{0x00000000ff9e04e8}: 'java.lang.Object java.lang.invoke.DirectMethodHandle$Holder.newInvokeSpecial(java.lang.Object, java.lang.Object, java.lang.Object, java.lang.Object, java.lang.Object)'> (0x00000000ff9e04e8) 
thrown [./src/hotspot/share/interpreter/linkResolver.cpp, line 758]
Event: 2.306 Thread 0x0000e390440177f0 Exception <a 'java/lang/NoSuchMethodError'{0x00000000ff8c4898}: 'void java.lang.invoke.DirectMethodHandle$Holder.invokeSpecial(java.lang.Object, java.lang.Object, java.lang.Object)'> (0x00000000ff8c4898) 
thrown [./src/hotspot/share/interpreter/linkResolver.cpp, line 758]
Event: 2.366 Thread 0x0000e390440177f0 Exception <a 'java/lang/NoSuchMethodError'{0x00000000ff7957f0}: 'int java.lang.invoke.DirectMethodHandle$Holder.invokeStatic(java.lang.Object)'> (0x00000000ff7957f0) 
thrown [./src/hotspot/share/interpreter/linkResolver.cpp, line 758]
Event: 2.370 Thread 0x0000e390440177f0 Exception <a 'java/lang/NoSuchMethodError'{0x00000000ff798f48}: 'int java.lang.invoke.DirectMethodHandle$Holder.invokeStaticInit(java.lang.Object)'> (0x00000000ff798f48) 
thrown [./src/hotspot/share/interpreter/linkResolver.cpp, line 758]
Event: 2.486 Thread 0x0000e390440177f0 Exception <a 'java/lang/NoSuchMethodError'{0x00000000ff529a38}: 'void java.lang.invoke.DirectMethodHandle$Holder.invokeStatic(java.lang.Object, java.lang.Object, java.lang.Object)'> (0x00000000ff529a38) 
thrown [./src/hotspot/share/interpreter/linkResolver.cpp, line 758]
Event: 2.682 Thread 0x0000e390440177f0 Exception <a 'java/lang/NoSuchMethodError'{0x00000000ff3d5b28}: 'java.lang.Object java.lang.invoke.DirectMethodHandle$Holder.newInvokeSpecial(java.lang.Object, java.lang.Object, java.lang.Object, java.lang.Object, java.lang.Object, java.lang.Object, java.lang.Object, java.lang.Object, java.lang.Object, java.lang.Object, java.lang.Object, java.lang.Object, java.lang.Object, java.lang.Object, java.lang.Object, java.lang.Object, java.lang.Object, java.lang.Object, java.lang.Object, java.lang.Object, java.lang
Event: 2.688 Thread 0x0000e390440177f0 Exception <a 'java/lang/NoSuchMethodError'{0x00000000ff3e2130}: 'java.lang.Object java.lang.invoke.Invokers$Holder.linkToTargetMethod(java.lang.Object, java.lang.Object, java.lang.Object, java.lang.Object, java.lang.Object, java.lang.Object, java.lang.Object, java.lang.Object, java.lang.Object, java.lang.Object, java.lang.Object, java.lang.Object, java.lang.Object, java.lang.Object, java.lang.Object, java.lang.Object, java.lang.Object, java.lang.Object, java.lang.Object, java.lang.Object, java.lang.Object,
Event: 2.860 Thread 0x0000e39044a10630 Exception <a 'java/lang/NoSuchMethodError'{0x00000000feba5778}: 'java.lang.Object java.lang.invoke.DirectMethodHandle$Holder.invokeStaticInit(java.lang.Object, java.lang.Object, long, java.lang.Object)'> (0x00000000feba5778) 
thrown [./src/hotspot/share/interpreter/linkResolver.cpp, line 758]
Event: 2.861 Thread 0x0000e39044a10630 Exception <a 'java/lang/NoSuchMethodError'{0x00000000febabf10}: 'java.lang.Object java.lang.invoke.DirectMethodHandle$Holder.newInvokeSpecial(java.lang.Object, java.lang.Object, long)'> (0x00000000febabf10) 
thrown [./src/hotspot/share/interpreter/linkResolver.cpp, line 758]
Event: 2.861 Thread 0x0000e39044a10630 Exception <a 'java/lang/NoSuchMethodError'{0x00000000febb0200}: 'java.lang.Object java.lang.invoke.Invokers$Holder.linkToTargetMethod(java.lang.Object, long, java.lang.Object)'> (0x00000000febb0200) 
thrown [./src/hotspot/share/interpreter/linkResolver.cpp, line 758]
Event: 2.868 Thread 0x0000e39044a10630 Exception <a 'java/lang/NoSuchMethodError'{0x00000000febb6d38}: 'java.lang.Object java.lang.invoke.DirectMethodHandle$Holder.newInvokeSpecial(java.lang.Object, java.lang.Object, java.lang.Object, int)'> (0x00000000febb6d38) 
thrown [./src/hotspot/share/interpreter/linkResolver.cpp, line 758]
Event: 2.868 Thread 0x0000e39044a10630 Exception <a 'java/lang/NoSuchMethodError'{0x00000000febbb118}: 'java.lang.Object java.lang.invoke.DirectMethodHandle$Holder.invokeSpecial(java.lang.Object, java.lang.Object, java.lang.Object, java.lang.Object, int)'> (0x00000000febbb118) 
thrown [./src/hotspot/share/interpreter/linkResolver.cpp, line 758]
Event: 2.869 Thread 0x0000e39044a10630 Exception <a 'java/lang/NoSuchMethodError'{0x00000000febbece0}: 'java.lang.Object java.lang.invoke.Invokers$Holder.linkToTargetMethod(java.lang.Object, java.lang.Object, int, java.lang.Object)'> (0x00000000febbece0) 
thrown [./src/hotspot/share/interpreter/linkResolver.cpp, line 758]

VM Operations (20 events):
Event: 118.097 Executing VM operation: Cleanup
Event: 118.097 Executing VM operation: Cleanup done
Event: 140.135 Executing VM operation: Cleanup
Event: 140.135 Executing VM operation: Cleanup done
Event: 172.186 Executing VM operation: Cleanup
Event: 172.186 Executing VM operation: Cleanup done
Event: 177.193 Executing VM operation: Cleanup
Event: 177.193 Executing VM operation: Cleanup done
Event: 256.237 Executing VM operation: Cleanup
Event: 256.237 Executing VM operation: Cleanup done
Event: 270.239 Executing VM operation: Cleanup
Event: 270.239 Executing VM operation: Cleanup done
Event: 300.255 Executing VM operation: Cleanup
Event: 300.255 Executing VM operation: Cleanup done
Event: 377.294 Executing VM operation: Cleanup
Event: 377.300 Executing VM operation: Cleanup done
Event: 378.300 Executing VM operation: Cleanup
Event: 378.300 Executing VM operation: Cleanup done
Event: 504.349 Executing VM operation: Cleanup
Event: 504.349 Executing VM operation: Cleanup done

Memory protections (16 events):
Event: 0.003 Protecting memory [0x0000e39049002000,0x0000e39049006000] with protection modes 0
Event: 0.101 Protecting memory [0x0000e3902c879000,0x0000e3902c87d000] with protection modes 0
Event: 0.106 Protecting memory [0x0000e3902c67b000,0x0000e3902c67f000] with protection modes 0
Event: 0.111 Protecting memory [0x0000e3902c002000,0x0000e3902c006000] with protection modes 0
Event: 0.112 Protecting memory [0x0000e3901de02000,0x0000e3901de06000] with protection modes 0
Event: 0.112 Protecting memory [0x0000e3901dc04000,0x0000e3901dc08000] with protection modes 0
Event: 0.113 Protecting memory [0x0000e3901da06000,0x0000e3901da0a000] with protection modes 0
Event: 0.120 Protecting memory [0x0000e3901d808000,0x0000e3901d80c000] with protection modes 0
Event: 0.121 Protecting memory [0x0000e3901d60a000,0x0000e3901d60e000] with protection modes 0
Event: 0.132 Protecting memory [0x0000e3901d40c000,0x0000e3901d410000] with protection modes 0
Event: 0.137 Protecting memory [0x0000e3901d000000,0x0000e3901d004000] with protection modes 0
Event: 2.078 Protecting memory [0x0000e3901c942000,0x0000e3901c946000] with protection modes 0
Event: 2.852 Protecting memory [0x0000e3901c744000,0x0000e3901c748000] with protection modes 0
Event: 2.873 Protecting memory [0x0000e3901c71a000,0x0000e3901c71e000] with protection modes 0
Event: 2.880 Protecting memory [0x0000e3901c51c000,0x0000e3901c520000] with protection modes 0
Event: 2.880 Protecting memory [0x0000e3901c31e000,0x0000e3901c322000] with protection modes 0

Nmethod flushes (0 events):
No events

Events (19 events):
Event: 0.093 Thread 0x0000e390440177f0 Thread added: 0x0000e390440177f0
Event: 0.101 Thread 0x0000e390440177f0 Thread added: 0x0000e390440a5cf0
Event: 0.104 Thread 0x0000e390440177f0 Thread added: 0x0000e390440a7160
Event: 0.111 Thread 0x0000e390440177f0 Thread added: 0x0000e390440af130
Event: 0.112 Thread 0x0000e390440177f0 Thread added: 0x0000e390440b0570
Event: 0.112 Thread 0x0000e390440177f0 Thread added: 0x0000e390440b19a0
Event: 0.113 Thread 0x0000e390440177f0 Thread added: 0x0000e390440b3300
Event: 0.120 Thread 0x0000e390440177f0 Thread added: 0x0000e390440b4850
Event: 0.121 Thread 0x0000e390440177f0 Thread added: 0x0000e390440b58f0
Event: 0.131 Thread 0x0000e390440177f0 Thread added: 0x0000e390440bd4b0
Event: 0.134 Thread 0x0000e390440177f0 Thread added: 0x0000e390440c0170
Event: 2.078 Thread 0x0000e390440177f0 Thread added: 0x0000e3904491bff0
Event: 2.852 Thread 0x0000e390440177f0 Thread added: 0x0000e39044a10630
Event: 2.873 Thread 0x0000e39044a10630 Thread added: 0x0000e38fcc009ba0
Event: 2.878 Thread 0x0000e39044a10630 Thread added: 0x0000e38fcc00b8f0
Event: 2.880 Thread 0x0000e39044a10630 Thread added: 0x0000e38fcc00f1b0
Event: 2.880 Thread 0x0000e38fcc00b8f0 Thread exited: 0x0000e38fcc00b8f0
Event: 5.651 Thread 0x0000e38fcc00f1b0 Thread exited: 0x0000e38fcc00f1b0
Event: 5.659 Thread 0x0000e39044a10630 Thread exited: 0x0000e39044a10630


Dynamic libraries:
fc000000-ffe00000 rw-p 00000000 00:00 0 
ffe00000-ffe75000 rw-p 00cb0000 08:01 318224                             /usr/lib/jvm/java-17-openjdk-arm64/lib/server/classes.jsa
ffe75000-fff00000 rw-p 00000000 00:00 0 
fff00000-fff78000 rw-p 00c30000 08:01 318224                             /usr/lib/jvm/java-17-openjdk-arm64/lib/server/classes.jsa
fff78000-100000000 rw-p 00000000 00:00 0 
a000000000-a000be0000 rw-p 00010000 08:01 318224                         /usr/lib/jvm/java-17-openjdk-arm64/lib/server/classes.jsa
a000be0000-a001000000 ---p 00000000 00:00 0 
a001000000-a001030000 rw-p 00000000 00:00 0 
a001030000-a001070000 rw-p 00000000 00:00 0 
a001070000-a0010b0000 rw-p 00000000 00:00 0 
a0010b0000-a0010f0000 rw-p 00000000 00:00 0 
a0010f0000-a001100000 ---p 00000000 00:00 0 
a001100000-a001170000 rw-p 00000000 00:00 0 
a001170000-a041000000 ---p 00000000 00:00 0 
b933c7350000-b933c7351000 r-xp 00000000 08:01 318071                     /usr/lib/jvm/java-17-openjdk-arm64/bin/java
b933c7361000-b933c7362000 r--p 00001000 08:01 318071                     /usr/lib/jvm/java-17-openjdk-arm64/bin/java
b933c7362000-b933c7363000 rw-p 00002000 08:01 318071                     /usr/lib/jvm/java-17-openjdk-arm64/bin/java
b93404d9c000-b93404de3000 rw-p 00000000 00:00 0                          [heap]
e38fc4000000-e38fc4021000 rw-p 00000000 00:00 0 
e38fc4021000-e38fc8000000 ---p 00000000 00:00 0 
e38fc8000000-e38fc8021000 rw-p 00000000 00:00 0 
e38fc8021000-e38fcc000000 ---p 00000000 00:00 0 
e38fcc000000-e38fcc023000 rw-p 00000000 00:00 0 
e38fcc023000-e38fd0000000 ---p 00000000 00:00 0 
e38fd0000000-e38fd0021000 rw-p 00000000 00:00 0 
e38fd0021000-e38fd4000000 ---p 00000000 00:00 0 
e38fd4000000-e38fd4021000 rw-p 00000000 00:00 0 
e38fd4021000-e38fd8000000 ---p 00000000 00:00 0 
e38fd8000000-e38fd8021000 rw-p 00000000 00:00 0 
e38fd8021000-e38fdc000000 ---p 00000000 00:00 0 
e38fdc000000-e38fdc021000 rw-p 00000000 00:00 0 
e38fdc021000-e38fe0000000 ---p 00000000 00:00 0 
e38fe0000000-e38fe0021000 rw-p 00000000 00:00 0 
e38fe0021000-e38fe4000000 ---p 00000000 00:00 0 
e38fe4000000-e38fe4021000 rw-p 00000000 00:00 0 
e38fe4021000-e38fe8000000 ---p 00000000 00:00 0 
e38fe8000000-e38fe8021000 rw-p 00000000 00:00 0 
e38fe8021000-e38fec000000 ---p 00000000 00:00 0 
e38fec000000-e38fec476000 rw-p 00000000 00:00 0 
e38fec476000-e38ff0000000 ---p 00000000 00:00 0 
e38ff0000000-e38ff0021000 rw-p 00000000 00:00 0 
e38ff0021000-e38ff4000000 ---p 00000000 00:00 0 
e38ff4000000-e38ff4021000 rw-p 00000000 00:00 0 
e38ff4021000-e38ff8000000 ---p 00000000 00:00 0 
e38ff8000000-e38ff83e0000 rw-p 00000000 00:00 0 
e38ff83e0000-e38ffc000000 ---p 00000000 00:00 0 
e38ffc000000-e38ffc021000 rw-p 00000000 00:00 0 
e38ffc021000-e39000000000 ---p 00000000 00:00 0 
e39000000000-e39000021000 rw-p 00000000 00:00 0 
e39000021000-e39004000000 ---p 00000000 00:00 0 
e39004000000-e39004021000 rw-p 00000000 00:00 0 
e39004021000-e39008000000 ---p 00000000 00:00 0 
e39008000000-e39008021000 rw-p 00000000 00:00 0 
e39008021000-e3900c000000 ---p 00000000 00:00 0 
e3900c000000-e3900c3f0000 rw-p 00000000 00:00 0 
e3900c3f0000-e3900c840000 rw-p 00000000 00:00 0 
e3900c840000-e3900c900000 ---p 00000000 00:00 0 
e3900c910000-e39010000000 ---p 00000000 00:00 0 
e39010000000-e39010021000 rw-p 00000000 00:00 0 
e39010021000-e39014000000 ---p 00000000 00:00 0 
e39014000000-e39014021000 rw-p 00000000 00:00 0 
e39014021000-e39018000000 ---p 00000000 00:00 0 
e39018000000-e39018021000 rw-p 00000000 00:00 0 
e39018021000-e3901c000000 ---p 00000000 00:00 0 
e3901c31e000-e3901c322000 ---p 00000000 00:00 0 
e3901c322000-e3901c51c000 rw-p 00000000 00:00 0 
e3901c51c000-e3901c520000 ---p 00000000 00:00 0 
e3901c520000-e3901c71a000 rw-p 00000000 00:00 0 
e3901c71a000-e3901c71e000 ---p 00000000 00:00 0 
e3901c71e000-e3901c744000 rw-p 00000000 00:00 0 
e3901c744000-e3901c748000 ---p 00000000 00:00 0 
e3901c748000-e3901c942000 rw-p 00000000 00:00 0 
e3901c942000-e3901c946000 ---p 00000000 00:00 0 
e3901c946000-e3901cb40000 rw-p 00000000 00:00 0 
e3901cb40000-e3901cb6c000 r-xp 00000000 08:01 4758                       /usr/lib/aarch64-linux-gnu/libtinfo.so.6.3
e3901cb6c000-e3901cb7b000 ---p 0002c000 08:01 4758                       /usr/lib/aarch64-linux-gnu/libtinfo.so.6.3
e3901cb7b000-e3901cb7f000 r--p 0002b000 08:01 4758                       /usr/lib/aarch64-linux-gnu/libtinfo.so.6.3
e3901cb7f000-e3901cb80000 rw-p 0002f000 08:01 4758                       /usr/lib/aarch64-linux-gnu/libtinfo.so.6.3
e3901cb90000-e3901cbc6000 r-xp 00000000 08:01 4738                       /usr/lib/aarch64-linux-gnu/libncursesw.so.6.3
e3901cbc6000-e3901cbd5000 ---p 00036000 08:01 4738                       /usr/lib/aarch64-linux-gnu/libncursesw.so.6.3
e3901cbd5000-e3901cbd6000 r--p 00035000 08:01 4738                       /usr/lib/aarch64-linux-gnu/libncursesw.so.6.3
e3901cbd6000-e3901cbd7000 rw-p 00036000 08:01 4738                       /usr/lib/aarch64-linux-gnu/libncursesw.so.6.3
e3901cbe4000-e3901cbf4000 ---p 00000000 00:00 0 
e3901cbf4000-e3901cdf2000 rw-p 00000000 00:00 0 
e3901cdf2000-e3901ce02000 ---p 00000000 00:00 0 
e3901ce02000-e3901d000000 rw-p 00000000 00:00 0 
e3901d000000-e3901d004000 ---p 00000000 00:00 0 
e3901d004000-e3901d1fe000 rw-p 00000000 00:00 0 
e3901d1fe000-e3901d20e000 ---p 00000000 00:00 0 
e3901d20e000-e3901d40c000 rw-p 00000000 00:00 0 
e3901d40c000-e3901d410000 ---p 00000000 00:00 0 
e3901d410000-e3901d60a000 rw-p 00000000 00:00 0 
e3901d60a000-e3901d60e000 ---p 00000000 00:00 0 
e3901d60e000-e3901d808000 rw-p 00000000 00:00 0 
e3901d808000-e3901d80c000 ---p 00000000 00:00 0 
e3901d80c000-e3901da06000 rw-p 00000000 00:00 0 
e3901da06000-e3901da0a000 ---p 00000000 00:00 0 
e3901da0a000-e3901dc04000 rw-p 00000000 00:00 0 
e3901dc04000-e3901dc08000 ---p 00000000 00:00 0 
e3901dc08000-e3901de02000 rw-p 00000000 00:00 0 
e3901de02000-e3901de06000 ---p 00000000 00:00 0 
e3901de06000-e3901e000000 rw-p 00000000 00:00 0 
e3901e000000-e39020021000 rw-p 00000000 00:00 0 
e39020021000-e39024000000 ---p 00000000 00:00 0 
e39024000000-e39024021000 rw-p 00000000 00:00 0 
e39024021000-e39028000000 ---p 00000000 00:00 0 
e39028000000-e39028021000 rw-p 00000000 00:00 0 
e39028021000-e3902c000000 ---p 00000000 00:00 0 
e3902c002000-e3902c006000 ---p 00000000 00:00 0 
e3902c006000-e3902c200000 rw-p 00000000 00:00 0 
e3902c200000-e3902c4e9000 r--p 00000000 08:01 6329                       /usr/lib/locale/locale-archive
e3902c500000-e3902c502000 r-xp 00000000 08:01 318193                     /usr/lib/jvm/java-17-openjdk-arm64/lib/libextnet.so
e3902c502000-e3902c511000 ---p 00002000 08:01 318193                     /usr/lib/jvm/java-17-openjdk-arm64/lib/libextnet.so
e3902c511000-e3902c512000 r--p 00001000 08:01 318193                     /usr/lib/jvm/java-17-openjdk-arm64/lib/libextnet.so
e3902c512000-e3902c513000 rw-p 00002000 08:01 318193                     /usr/lib/jvm/java-17-openjdk-arm64/lib/libextnet.so
e3902c520000-e3902c524000 r-xp 00000000 08:01 1574137                    /home/amrit/.gradle/native/1def1411415f61bf3af743bc5b6707747c0891f09f0c88961ee8f79bc544acac/linux-aarch64-ncurses6/libnative-platform-curses.so
e3902c524000-e3902c53f000 ---p 00004000 08:01 1574137                    /home/amrit/.gradle/native/1def1411415f61bf3af743bc5b6707747c0891f09f0c88961ee8f79bc544acac/linux-aarch64-ncurses6/libnative-platform-curses.so
e3902c53f000-e3902c540000 r--p 0000f000 08:01 1574137                    /home/amrit/.gradle/native/1def1411415f61bf3af743bc5b6707747c0891f09f0c88961ee8f79bc544acac/linux-aarch64-ncurses6/libnative-platform-curses.so
e3902c540000-e3902c541000 rw-p 00010000 08:01 1574137                    /home/amrit/.gradle/native/1def1411415f61bf3af743bc5b6707747c0891f09f0c88961ee8f79bc544acac/linux-aarch64-ncurses6/libnative-platform-curses.so
e3902c550000-e3902c555000 r-xp 00000000 08:01 1574069                    /home/amrit/.gradle/native/1def1411415f61bf3af743bc5b6707747c0891f09f0c88961ee8f79bc544acac/linux-aarch64/libnative-platform.so
e3902c555000-e3902c56f000 ---p 00005000 08:01 1574069                    /home/amrit/.gradle/native/1def1411415f61bf3af743bc5b6707747c0891f09f0c88961ee8f79bc544acac/linux-aarch64/libnative-platform.so
e3902c56f000-e3902c570000 r--p 0000f000 08:01 1574069                    /home/amrit/.gradle/native/1def1411415f61bf3af743bc5b6707747c0891f09f0c88961ee8f79bc544acac/linux-aarch64/libnative-platform.so
e3902c570000-e3902c571000 rw-p 00010000 08:01 1574069                    /home/amrit/.gradle/native/1def1411415f61bf3af743bc5b6707747c0891f09f0c88961ee8f79bc544acac/linux-aarch64/libnative-platform.so
e3902c580000-e3902c586000 r-xp 00000000 08:01 318210                     /usr/lib/jvm/java-17-openjdk-arm64/lib/libmanagement_ext.so
e3902c586000-e3902c595000 ---p 00006000 08:01 318210                     /usr/lib/jvm/java-17-openjdk-arm64/lib/libmanagement_ext.so
e3902c595000-e3902c596000 r--p 00005000 08:01 318210                     /usr/lib/jvm/java-17-openjdk-arm64/lib/libmanagement_ext.so
e3902c596000-e3902c597000 rw-p 00006000 08:01 318210                     /usr/lib/jvm/java-17-openjdk-arm64/lib/libmanagement_ext.so
e3902c5a0000-e3902c5a4000 r-xp 00000000 08:01 318208                     /usr/lib/jvm/java-17-openjdk-arm64/lib/libmanagement.so
e3902c5a4000-e3902c5b3000 ---p 00004000 08:01 318208                     /usr/lib/jvm/java-17-openjdk-arm64/lib/libmanagement.so
e3902c5b3000-e3902c5b4000 r--p 00003000 08:01 318208                     /usr/lib/jvm/java-17-openjdk-arm64/lib/libmanagement.so
e3902c5b4000-e3902c5b5000 rw-p 00004000 08:01 318208                     /usr/lib/jvm/java-17-openjdk-arm64/lib/libmanagement.so
e3902c5c0000-e3902c5cc000 r-xp 00000000 08:01 318219                     /usr/lib/jvm/java-17-openjdk-arm64/lib/libverify.so
e3902c5cc000-e3902c5db000 ---p 0000c000 08:01 318219                     /usr/lib/jvm/java-17-openjdk-arm64/lib/libverify.so
e3902c5db000-e3902c5dd000 r--p 0000b000 08:01 318219                     /usr/lib/jvm/java-17-openjdk-arm64/lib/libverify.so
e3902c5dd000-e3902c5de000 rw-p 0000d000 08:01 318219                     /usr/lib/jvm/java-17-openjdk-arm64/lib/libverify.so
e3902c5eb000-e3902c624000 rw-p 00000000 00:00 0 
e3902c624000-e3902c67b000 r--p 00000000 08:01 6320                       /usr/lib/locale/C.utf8/LC_CTYPE
e3902c67b000-e3902c67f000 ---p 00000000 00:00 0 
e3902c67f000-e3902c879000 rw-p 00000000 00:00 0 
e3902c879000-e3902c87d000 ---p 00000000 00:00 0 
e3902c87d000-e3902ca77000 rw-p 00000000 00:00 0 
e3902ca77000-e3902ca87000 ---p 00000000 00:00 0 
e3902ca87000-e3902cc85000 rw-p 00000000 00:00 0 
e3902cc85000-e3902cda2000 rw-p 00000000 00:00 0 
e3902cdb0000-e3902cdc6000 r-xp 00000000 08:01 318212                     /usr/lib/jvm/java-17-openjdk-arm64/lib/libnet.so
e3902cdc6000-e3902cdd5000 ---p 00016000 08:01 318212                     /usr/lib/jvm/java-17-openjdk-arm64/lib/libnet.so
e3902cdd5000-e3902cdd6000 r--p 00015000 08:01 318212                     /usr/lib/jvm/java-17-openjdk-arm64/lib/libnet.so
e3902cdd6000-e3902cdd7000 rw-p 00016000 08:01 318212                     /usr/lib/jvm/java-17-openjdk-arm64/lib/libnet.so
e3902cde2000-e3902cdf2000 ---p 00000000 00:00 0 
e3902cdf2000-e3902cff0000 rw-p 00000000 00:00 0 
e3902cff0000-e3902d000000 ---p 00000000 00:00 0 
e3902d000000-e3902d1fe000 rw-p 00000000 00:00 0 
e3902d1fe000-e3902d400000 rw-p 00000000 00:00 0 
e3902d400000-e3902d700000 rwxp 00000000 00:00 0 
e3902d700000-e39034937000 ---p 00000000 00:00 0 
e39034937000-e39034ba7000 rwxp 00000000 00:00 0 
e39034ba7000-e39034ec8000 ---p 00000000 00:00 0 
e39034ec8000-e39035138000 rwxp 00000000 00:00 0 
e39035138000-e3903c400000 ---p 00000000 00:00 0 
e3903c400000-e39043ece000 r--s 00000000 08:01 318221                     /usr/lib/jvm/java-17-openjdk-arm64/lib/modules
e39043ee0000-e39043ee7000 r-xp 00000000 08:01 318220                     /usr/lib/jvm/java-17-openjdk-arm64/lib/libzip.so
e39043ee7000-e39043ef7000 ---p 00007000 08:01 318220                     /usr/lib/jvm/java-17-openjdk-arm64/lib/libzip.so
e39043ef7000-e39043ef8000 r--p 00007000 08:01 318220                     /usr/lib/jvm/java-17-openjdk-arm64/lib/libzip.so
e39043ef8000-e39043ef9000 rw-p 00008000 08:01 318220                     /usr/lib/jvm/java-17-openjdk-arm64/lib/libzip.so
e39043eff000-e39044a83000 rw-p 00000000 00:00 0 
e39044a83000-e39048000000 ---p 00000000 00:00 0 
e39048010000-e39048023000 r-xp 00000000 08:01 318213                     /usr/lib/jvm/java-17-openjdk-arm64/lib/libnio.so
e39048023000-e39048032000 ---p 00013000 08:01 318213                     /usr/lib/jvm/java-17-openjdk-arm64/lib/libnio.so
e39048032000-e39048033000 r--p 00012000 08:01 318213                     /usr/lib/jvm/java-17-openjdk-arm64/lib/libnio.so
e39048033000-e39048034000 rw-p 00013000 08:01 318213                     /usr/lib/jvm/java-17-openjdk-arm64/lib/libnio.so
e3904803b000-e3904813c000 rw-p 00000000 00:00 0 
e3904813c000-e3904814c000 ---p 00000000 00:00 0 
e3904814c000-e3904834a000 rw-p 00000000 00:00 0 
e3904834a000-e3904835a000 ---p 00000000 00:00 0 
e3904835a000-e39048558000 rw-p 00000000 00:00 0 
e39048558000-e39048568000 ---p 00000000 00:00 0 
e39048568000-e39048766000 rw-p 00000000 00:00 0 
e39048766000-e39048985000 rw-p 00000000 00:00 0 
e39048985000-e390489c5000 rw-p 00000000 00:00 0 
e390489c5000-e39048dcf000 rw-p 00000000 00:00 0 
e39048dcf000-e39048eb5000 ---p 00000000 00:00 0 
e39048eb5000-e39048ebb000 rw-p 00000000 00:00 0 
e39048ebb000-e39048fa0000 ---p 00000000 00:00 0 
e39048fa0000-e39048fc4000 r-xp 00000000 08:01 318200                     /usr/lib/jvm/java-17-openjdk-arm64/lib/libjava.so
e39048fc4000-e39048fd3000 ---p 00024000 08:01 318200                     /usr/lib/jvm/java-17-openjdk-arm64/lib/libjava.so
e39048fd3000-e39048fd4000 r--p 00023000 08:01 318200                     /usr/lib/jvm/java-17-openjdk-arm64/lib/libjava.so
e39048fd4000-e39048fd5000 rw-p 00024000 08:01 318200                     /usr/lib/jvm/java-17-openjdk-arm64/lib/libjava.so
e39048fe0000-e39048fe5000 r-xp 00000000 08:01 318203                     /usr/lib/jvm/java-17-openjdk-arm64/lib/libjimage.so
e39048fe5000-e39048ff4000 ---p 00005000 08:01 318203                     /usr/lib/jvm/java-17-openjdk-arm64/lib/libjimage.so
e39048ff4000-e39048ff5000 r--p 00004000 08:01 318203                     /usr/lib/jvm/java-17-openjdk-arm64/lib/libjimage.so
e39048ff5000-e39048ff6000 rw-p 00005000 08:01 318203                     /usr/lib/jvm/java-17-openjdk-arm64/lib/libjimage.so
e39048ff6000-e39048ffb000 rw-p 00000000 00:00 0 
e39048ffb000-e39049006000 ---p 00000000 00:00 0 
e39049006000-e39049200000 rw-p 00000000 00:00 0 
e39049200000-e39049214000 r-xp 00000000 08:01 5034                       /usr/lib/aarch64-linux-gnu/libgcc_s.so.1
e39049214000-e39049223000 ---p 00014000 08:01 5034                       /usr/lib/aarch64-linux-gnu/libgcc_s.so.1
e39049223000-e39049224000 r--p 00013000 08:01 5034                       /usr/lib/aarch64-linux-gnu/libgcc_s.so.1
e39049224000-e39049225000 rw-p 00014000 08:01 5034                       /usr/lib/aarch64-linux-gnu/libgcc_s.so.1
e39049230000-e390492b6000 r-xp 00000000 08:01 5041                       /usr/lib/aarch64-linux-gnu/libm.so.6
e390492b6000-e390492c5000 ---p 00086000 08:01 5041                       /usr/lib/aarch64-linux-gnu/libm.so.6
e390492c5000-e390492c6000 r--p 00085000 08:01 5041                       /usr/lib/aarch64-linux-gnu/libm.so.6
e390492c6000-e390492c7000 rw-p 00086000 08:01 5041                       /usr/lib/aarch64-linux-gnu/libm.so.6
e390492c9000-e390492d0000 r--s 00000000 08:01 3914                       /usr/lib/aarch64-linux-gnu/gconv/gconv-modules.cache
e390492d0000-e390494db000 r-xp 00000000 08:01 5033                       /usr/lib/aarch64-linux-gnu/libstdc++.so.6.0.30
e390494db000-e390494eb000 ---p 0020b000 08:01 5033                       /usr/lib/aarch64-linux-gnu/libstdc++.so.6.0.30
e390494eb000-e390494f6000 r--p 0020b000 08:01 5033                       /usr/lib/aarch64-linux-gnu/libstdc++.so.6.0.30
e390494f6000-e390494f9000 rw-p 00216000 08:01 5033                       /usr/lib/aarch64-linux-gnu/libstdc++.so.6.0.30
e390494f9000-e390494fc000 rw-p 00000000 00:00 0 
e390494ff000-e39049500000 r--p 00000000 08:01 6325                       /usr/lib/locale/C.utf8/LC_NUMERIC
e39049500000-e3904a677000 r-xp 00000000 08:01 318227                     /usr/lib/jvm/java-17-openjdk-arm64/lib/server/libjvm.so
e3904a677000-e3904a687000 ---p 01177000 08:01 318227                     /usr/lib/jvm/java-17-openjdk-arm64/lib/server/libjvm.so
e3904a687000-e3904a759000 r--p 01177000 08:01 318227                     /usr/lib/jvm/java-17-openjdk-arm64/lib/server/libjvm.so
e3904a759000-e3904a78a000 rw-p 01249000 08:01 318227                     /usr/lib/jvm/java-17-openjdk-arm64/lib/server/libjvm.so
e3904a78a000-e3904a808000 rw-p 00000000 00:00 0 
e3904a808000-e3904a810000 rw-s 00000000 08:01 543952                     /tmp/hsperfdata_amrit/818447
e3904a810000-e3904a99e000 r-xp 00000000 08:01 5038                       /usr/lib/aarch64-linux-gnu/libc.so.6
e3904a99e000-e3904a9ad000 ---p 0018e000 08:01 5038                       /usr/lib/aarch64-linux-gnu/libc.so.6
e3904a9ad000-e3904a9b1000 r--p 0018d000 08:01 5038                       /usr/lib/aarch64-linux-gnu/libc.so.6
e3904a9b1000-e3904a9b3000 rw-p 00191000 08:01 5038                       /usr/lib/aarch64-linux-gnu/libc.so.6
e3904a9b3000-e3904a9bf000 rw-p 00000000 00:00 0 
e3904a9bf000-e3904a9c0000 r--p 00000000 08:01 6328                       /usr/lib/locale/C.utf8/LC_TIME
e3904a9c0000-e3904a9ce000 r-xp 00000000 08:01 318204                     /usr/lib/jvm/java-17-openjdk-arm64/lib/libjli.so
e3904a9ce000-e3904a9dd000 ---p 0000e000 08:01 318204                     /usr/lib/jvm/java-17-openjdk-arm64/lib/libjli.so
e3904a9dd000-e3904a9de000 r--p 0000d000 08:01 318204                     /usr/lib/jvm/java-17-openjdk-arm64/lib/libjli.so
e3904a9de000-e3904a9df000 rw-p 0000e000 08:01 318204                     /usr/lib/jvm/java-17-openjdk-arm64/lib/libjli.so
e3904a9df000-e3904a9e0000 r--p 00000000 08:01 6319                       /usr/lib/locale/C.utf8/LC_COLLATE
e3904a9e0000-e3904a9f8000 r-xp 00000000 08:01 3921                       /usr/lib/aarch64-linux-gnu/libz.so.1.2.11
e3904a9f8000-e3904aa08000 ---p 00018000 08:01 3921                       /usr/lib/aarch64-linux-gnu/libz.so.1.2.11
e3904aa08000-e3904aa09000 r--p 00018000 08:01 3921                       /usr/lib/aarch64-linux-gnu/libz.so.1.2.11
e3904aa09000-e3904aa0a000 rw-p 00019000 08:01 3921                       /usr/lib/aarch64-linux-gnu/libz.so.1.2.11
e3904aa0a000-e3904aa0b000 r--p 00000000 08:01 6323                       /usr/lib/locale/C.utf8/LC_MONETARY
e3904aa0b000-e3904aa0c000 r--p 00000000 08:01 6317                       /usr/lib/locale/C.utf8/LC_MESSAGES/SYS_LC_MESSAGES
e3904aa0c000-e3904aa0d000 r--p 00000000 08:01 6326                       /usr/lib/locale/C.utf8/LC_PAPER
e3904aa0d000-e3904aa0e000 r--p 00000000 08:01 6324                       /usr/lib/locale/C.utf8/LC_NAME
e3904aa0e000-e3904aa10000 rw-p 00000000 00:00 0 
e3904aa10000-e3904aa3b000 r-xp 00000000 08:01 5032                       /usr/lib/aarch64-linux-gnu/ld-linux-aarch64.so.1
e3904aa3b000-e3904aa3c000 r--p 00000000 08:01 6318                       /usr/lib/locale/C.utf8/LC_ADDRESS
e3904aa3c000-e3904aa3d000 r--p 00000000 08:01 6327                       /usr/lib/locale/C.utf8/LC_TELEPHONE
e3904aa3d000-e3904aa3e000 r--p 00000000 08:01 6322                       /usr/lib/locale/C.utf8/LC_MEASUREMENT
e3904aa3e000-e3904aa3f000 r--p 00000000 08:01 6321                       /usr/lib/locale/C.utf8/LC_IDENTIFICATION
e3904aa3f000-e3904aa42000 rw-p 00000000 00:00 0 
e3904aa42000-e3904aa43000 ---p 00000000 00:00 0 
e3904aa43000-e3904aa44000 r--p 00000000 00:00 0 
e3904aa44000-e3904aa45000 ---p 00000000 00:00 0 
e3904aa45000-e3904aa47000 rw-p 00000000 00:00 0 
e3904aa47000-e3904aa49000 r--p 00000000 00:00 0                          [vvar]
e3904aa49000-e3904aa4a000 r-xp 00000000 00:00 0                          [vdso]
e3904aa4a000-e3904aa4c000 r--p 0002a000 08:01 5032                       /usr/lib/aarch64-linux-gnu/ld-linux-aarch64.so.1
e3904aa4c000-e3904aa4e000 rw-p 0002c000 08:01 5032                       /usr/lib/aarch64-linux-gnu/ld-linux-aarch64.so.1
ffffc1dc1000-ffffc1de2000 rw-p 00000000 00:00 0                          [stack]


VM Arguments:
jvm_args: -Xmx64m -Xms64m -Dorg.gradle.appname=gradlew 
java_command: /home/amrit/NuvioTV/gradle/wrapper/gradle-wrapper.jar :app:assembleFullDebug --rerun-tasks -Pabi=armeabi-v7a
java_class_path (initial): /home/amrit/NuvioTV/gradle/wrapper/gradle-wrapper.jar
Launcher Type: SUN_STANDARD

[Global flags]
     intx CICompilerCount                          = 3                                         {product} {ergonomic}
     uint ConcGCThreads                            = 1                                         {product} {ergonomic}
     uint G1ConcRefinementThreads                  = 4                                         {product} {ergonomic}
   size_t G1HeapRegionSize                         = 1048576                                   {product} {ergonomic}
    uintx GCDrainStackTargetSize                   = 64                                        {product} {ergonomic}
   size_t InitialHeapSize                          = 67108864                                  {product} {command line}
   size_t MarkStackSize                            = 4194304                                   {product} {ergonomic}
   size_t MaxHeapSize                              = 67108864                                  {product} {command line}
   size_t MaxNewSize                               = 39845888                                  {product} {ergonomic}
   size_t MinHeapDeltaBytes                        = 1048576                                   {product} {ergonomic}
   size_t MinHeapSize                              = 67108864                                  {product} {command line}
    uintx NonNMethodCodeHeapSize                   = 5832908                                {pd product} {ergonomic}
    uintx NonProfiledCodeHeapSize                  = 122912666                              {pd product} {ergonomic}
    uintx ProfiledCodeHeapSize                     = 122912666                              {pd product} {ergonomic}
    uintx ReservedCodeCacheSize                    = 251658240                              {pd product} {ergonomic}
     bool SegmentedCodeCache                       = true                                      {product} {ergonomic}
   size_t SoftMaxHeapSize                          = 67108864                               {manageable} {ergonomic}
     bool UseCompressedClassPointers               = true                           {product lp64_product} {ergonomic}
     bool UseCompressedOops                        = true                           {product lp64_product} {ergonomic}
     bool UseG1GC                                  = true                                      {product} {ergonomic}

Logging:
Log output configuration:
 #0: stdout all=warning uptime,level,tags
 #1: stderr all=off uptime,level,tags

Environment Variables:
PATH=/home/amrit/.local/bin:/home/amrit/.local/bin:/usr/local/sbin:/usr/local/bin:/usr/sbin:/usr/bin:/sbin:/bin:/usr/games:/usr/local/games:/snap/bin:/home/amrit/android-sdk/cmdline-tools/latest/bin:/home/amrit/android-sdk/platform-tools
USERNAME=amrit
SHELL=/bin/bash
DISPLAY=:1002.0
LANG=C.UTF-8
TERM=xterm-256color

Active Locale:
LC_ALL=C.UTF-8
LC_COLLATE=C.UTF-8
LC_CTYPE=C.UTF-8
LC_MESSAGES=C.UTF-8
LC_MONETARY=C.UTF-8
LC_NUMERIC=C.UTF-8
LC_TIME=C.UTF-8

Signal Handlers:
   SIGSEGV: crash_handler in libjvm.so, mask=11100100010111111101111111111110, flags=SA_RESTART|SA_SIGINFO, unblocked
    SIGBUS: crash_handler in libjvm.so, mask=11100100010111111101111111111110, flags=SA_RESTART|SA_SIGINFO, unblocked
    SIGFPE: crash_handler in libjvm.so, mask=11100100010111111101111111111110, flags=SA_RESTART|SA_SIGINFO, unblocked
   SIGPIPE: javaSignalHandler in libjvm.so, mask=11100100010111111101111111111110, flags=SA_RESTART|SA_SIGINFO, unblocked
   SIGXFSZ: javaSignalHandler in libjvm.so, mask=11100100010111111101111111111110, flags=SA_RESTART|SA_SIGINFO, unblocked
    SIGILL: crash_handler in libjvm.so, mask=11100100010111111101111111111110, flags=SA_RESTART|SA_SIGINFO, unblocked
   SIGUSR2: SR_handler in libjvm.so, mask=00000000000000000000000000000000, flags=SA_RESTART|SA_SIGINFO, unblocked
    SIGHUP: UserHandler in libjvm.so, mask=11100100010111111101111111111110, flags=SA_RESTART|SA_SIGINFO, unblocked
    SIGINT: UserHandler in libjvm.so, mask=11100100010111111101111111111110, flags=SA_RESTART|SA_SIGINFO, unblocked
   SIGTERM: UserHandler in libjvm.so, mask=11100100010111111101111111111110, flags=SA_RESTART|SA_SIGINFO, unblocked
   SIGQUIT: UserHandler in libjvm.so, mask=11100100010111111101111111111110, flags=SA_RESTART|SA_SIGINFO, blocked
   SIGTRAP: crash_handler in libjvm.so, mask=11100100010111111101111111111110, flags=SA_RESTART|SA_SIGINFO, unblocked


Periodic native trim disabled


---------------  S Y S T E M  ---------------

OS:
DISTRIB_ID=Ubuntu
DISTRIB_RELEASE=22.04
DISTRIB_CODENAME=jammy
DISTRIB_DESCRIPTION="Ubuntu 22.04.5 LTS"
uname: Linux 6.8.0-1050-oracle #51~22.04.1-Ubuntu SMP Tue Apr 21 04:35:38 UTC 2026 aarch64
OS uptime: 1 days 19:53 hours
libc: glibc 2.35 NPTL 2.35 
rlimit (soft/hard): STACK 12500k/infinity , CORE 0k/infinity , NPROC 95620/95620 , NOFILE 1048576/1048576 , AS infinity/infinity , CPU infinity/infinity , DATA infinity/infinity , FSIZE infinity/infinity , MEMLOCK 3069500k/3069500k
load average: 10.16 9.82 7.98

/proc/meminfo:
MemTotal:       24556000 kB
MemFree:          848568 kB
MemAvailable:    8082928 kB
Buffers:          366804 kB
Cached:          6588720 kB
SwapCached:        94604 kB
Active:         16421788 kB
Inactive:        6111396 kB
Active(anon):   15529796 kB
Inactive(anon):   215888 kB
Active(file):     891992 kB
Inactive(file):  5895508 kB
Unevictable:       37032 kB
Mlocked:           33032 kB
SwapTotal:       4194300 kB
SwapFree:        3193588 kB
Zswap:                 0 kB
Zswapped:              0 kB
Dirty:             23524 kB
Writeback:             0 kB
AnonPages:      15573088 kB
Mapped:           770672 kB
Shmem:            155808 kB
KReclaimable:     764020 kB
Slab:             943072 kB
SReclaimable:     764020 kB
SUnreclaim:       179052 kB
KernelStack:       19288 kB
PageTables:        68404 kB
SecPageTables:         0 kB
NFS_Unstable:          0 kB
Bounce:                0 kB
WritebackTmp:          0 kB
CommitLimit:    26294700 kB
Committed_AS:   25959040 kB
VmallocTotal:   133141626880 kB
VmallocUsed:       35900 kB
VmallocChunk:          0 kB
Percpu:             2640 kB
HardwareCorrupted:     0 kB
AnonHugePages:         0 kB
ShmemHugePages:        0 kB
ShmemPmdMapped:        0 kB
FileHugePages:         0 kB
FilePmdMapped:         0 kB
CmaTotal:          32768 kB
CmaFree:             344 kB
HugePages_Total:       0
HugePages_Free:        0
HugePages_Rsvd:        0
HugePages_Surp:        0
Hugepagesize:       2048 kB
Hugetlb:               0 kB

/sys/kernel/mm/transparent_hugepage/enabled: always [madvise] never
/sys/kernel/mm/transparent_hugepage/hpage_pmd_size: 2097152
/sys/kernel/mm/transparent_hugepage/defrag (defrag/compaction efforts parameter): always defer defer+madvise [madvise] never

Process Memory:
Virtual Size: 3332760K (peak: 3463832K)
Resident Set Size: 99300K (peak: 99972K) (anon: 77680K, file: 21620K, shmem: 0K)
Swapped out: 0K
C-Heap outstanding allocations: 21609K, retained: 10478K
glibc malloc tunables: (default)

/proc/sys/kernel/threads-max (system-wide limit on the number of threads): 191241
/proc/sys/vm/max_map_count (maximum number of memory map areas a process may have): 65530
/proc/sys/vm/swappiness (control to define how aggressively the kernel swaps out anonymous memory): 60
/proc/sys/kernel/pid_max (system-wide limit on number of process identifiers): 4194304

container (cgroup) information:
container_type: cgroupv2
cpu_cpuset_cpus: not supported
cpu_memory_nodes: not supported
active_processor_count: 4
cpu_quota: not supported
cpu_period: not supported
cpu_shares: not supported
memory_limit_in_bytes: unlimited
memory_and_swap_limit_in_bytes: unlimited
memory_soft_limit_in_bytes: 0
memory_usage_in_bytes: 18714016 k
memory_max_usage_in_bytes: not supported
rss_usage_in_bytes: 14901200 k
cache_usage_in_bytes: 3457272 k
memory_swap_current_in_bytes: 431668 k
memory_swap_max_limit_in_bytes: unlimited
maximum number of tasks: unlimited
current number of tasks: 455

KVM virtualization detected
Steal ticks since vm start: 4144
Steal ticks percentage since vm start:  0.020

CPU: total 4 (initial active 4) 0x41:0x3:0xd0c:1, fp, simd, evtstrm, aes, pmull, sha1, sha256, crc, lse, dcpop
/proc/cpuinfo:
processor	: 0
BogoMIPS	: 50.00
Features	: fp asimd evtstrm aes pmull sha1 sha2 crc32 atomics fphp asimdhp cpuid asimdrdm lrcpc dcpop asimddp ssbs
CPU implementer	: 0x41
CPU architecture: 8
CPU variant	: 0x3
CPU part	: 0xd0c
CPU revision	: 1

processor	: 1
BogoMIPS	: 50.00
Features	: fp asimd evtstrm aes pmull sha1 sha2 crc32 atomics fphp asimdhp cpuid asimdrdm lrcpc dcpop asimddp ssbs
CPU implementer	: 0x41
CPU architecture: 8
CPU variant	: 0x3
CPU part	: 0xd0c
CPU revision	: 1

processor	: 2
BogoMIPS	: 50.00
Features	: fp asimd evtstrm aes pmull sha1 sha2 crc32 atomics fphp asimdhp cpuid asimdrdm lrcpc dcpop asimddp ssbs
CPU implementer	: 0x41
CPU architecture: 8
CPU variant	: 0x3
CPU part	: 0xd0c
CPU revision	: 1

processor	: 3
BogoMIPS	: 50.00
Features	: fp asimd evtstrm aes pmull sha1 sha2 crc32 atomics fphp asimdhp cpuid asimdrdm lrcpc dcpop asimddp ssbs
CPU implementer	: 0x41
CPU architecture: 8
CPU variant	: 0x3
CPU part	: 0xd0c
CPU revision	: 1


Online cpus: 0-3
Offline cpus: 

Memory: 4k page, physical 24556000k(858248k free), swap 4194300k(3193588k free)
Page Sizes: 4k

vm_info: OpenJDK 64-Bit Server VM (17.0.18+8-Ubuntu-122.04.1) for linux-aarch64 JRE (17.0.18+8-Ubuntu-122.04.1), built on Jan 29 2026 04:26:10 by "buildd" with gcc 11.4.0

END.
